<?xml version="1.0" encoding="UTF-8"?>
<!-- Generated by org.testng.reporters.JUnitReportReporter -->
<testsuite skipped="0" hostname="SIPL-144" name="com.tourisz.Test.Login_Test" tests="1" failures="0" timestamp="30 May 2019 10:07:56 GMT" time="47.914" errors="0">
  <testcase name="TC_04_Login" time="47.914" classname="com.tourisz.Test.Login_Test"/>
</testsuite> <!-- com.tourisz.Test.Login_Test -->
