<?xml version="1.0" encoding="UTF-8"?>
<!-- Generated by org.testng.reporters.JUnitReportReporter -->
<testsuite skipped="0" hostname="SIPL-144" name="com.tourisz.Utilities.Create_TestNGXML" tests="1" failures="0" timestamp="30 May 2019 10:07:56 GMT" time="53.219" errors="0">
  <testcase name="createXMLfile" time="53.219" classname="com.tourisz.Utilities.Create_TestNGXML"/>
</testsuite> <!-- com.tourisz.Utilities.Create_TestNGXML -->
